Starting TucanBIT Online Casino application...
This is API documentation for TucanBIT online casino
2025/08/29 11:47:56 Initializing application components
Initializing application components
2025-08-29T11:47:56.631+0300	INFO	initiator/initiator.go:39	Logger initialized successfully
2025-08-29T11:47:56.631+0300	INFO	initiator/initiator.go:42	initializing config 
2025-08-29T11:47:56.631+0300	INFO	initiator/initiator.go:48	initializing config completed
2025-08-29T11:47:56.631+0300	INFO	initiator/initiator.go:51	initializing database connect
2025-08-29T11:47:56.631+0300	INFO	initiator/db.go:17	Attempting to connect to database	{"connection_string": "postgres://tucanbit:5kj0YmV5FKKpU9D50B7yH5A@localhost:5433/tucanbit?sslmode=disable"}
2025-08-29T11:47:56.638+0300	INFO	initiator/initiator.go:53	database connection initialized
2025-08-29T11:47:56.638+0300	INFO	initiator/initiator.go:58	initializing persistence layer 
2025-08-29T11:47:56.638+0300	INFO	initiator/initiator.go:60	done initializing persistence layer
2025-08-29T11:47:56.638+0300	INFO	initiator/initiator.go:67	initializing module layer
2025-08-29T11:47:56.689+0300	INFO	initiator/initiator.go:79	initializing platform layer
%4|1756457276.691|CONFWARN|rdkafka#producer-1| [thrd:app]: Configuration property `sasl.mechanism` set to `PLAIN` but `security.protocol` is not configured for SASL: recommend setting `security.protocol` to SASL_SSL or SASL_PLAINTEXT
%3|1756457276.691|FAIL|rdkafka#producer-1| [thrd:localhost:9093/bootstrap]: localhost:9093/bootstrap: Connect to ipv4#127.0.0.1:9093 failed: Connection refused (after 0ms in state CONNECT)
%4|1756457276.699|CONFWARN|rdkafka#consumer-2| [thrd:app]: Configuration property `sasl.mechanism` set to `PLAIN` but `security.protocol` is not configured for SASL: recommend setting `security.protocol` to SASL_SSL or SASL_PLAINTEXT
%3|1756457276.700|FAIL|rdkafka#consumer-2| [thrd:localhost:9093/bootstrap]: localhost:9093/bootstrap: Connect to ipv4#127.0.0.1:9093 failed: Connection refused (after 0ms in state CONNECT)
{"level":"error","ts":1756457276.7004216,"caller":"kafka/kafka.go:179","msg":"Error reading message","time":"2025-08-29T11:47:56+03:00","error":"localhost:9093/bootstrap: Connect to ipv4#127.0.0.1:9093 failed: Connection refused (after 0ms in state CONNECT)","stacktrace":"github.com/tucanbit/platform/kafka.(*kafkaController).StartConsumer\n\t/home/ashenafi-alemu/Downloads/tucanbit/platform/kafka/kafka.go:179"}
{"level":"error","ts":1756457276.7005303,"caller":"kafka/kafka.go:179","msg":"Error reading message","time":"2025-08-29T11:47:56+03:00","error":"1/1 brokers are down","stacktrace":"github.com/tucanbit/platform/kafka.(*kafkaController).StartConsumer\n\t/home/ashenafi-alemu/Downloads/tucanbit/platform/kafka/kafka.go:179"}
{"level":"info","ts":1756457276.702576,"caller":"redis/redis_otp.go:52","msg":"Successfully loaded existing RSA keys from project files","time":"2025-08-29T11:47:56+03:00"}
{"level":"info","ts":1756457276.702624,"caller":"redis/redis_otp.go:55","msg":"Redis OTP client initialized successfully","time":"2025-08-29T11:47:56+03:00","redis_addr":"localhost:63790","key_prefix":"tucanbit:","otp_ttl":300}
2025-08-29T11:47:56.702+0300	INFO	initiator/initiator.go:81	done initializing platform layer
2025-08-29T11:47:56.720+0300	INFO	agent/agent.go:53	Agent callback cron started
2025-08-29T11:47:56.724+0300	INFO	user/user.go:132	Session monitoring service started
2025-08-29T11:47:56.724+0300	INFO	user/user.go:1623	Starting session monitoring service
2025-08-29T11:47:56.738+0300	ERROR	airtime/airtime.go:95	failed to execute request: Post "http://localhost:8080/v1/Authentication/login": dial tcp 127.0.0.1:8080: connect: connection refused
github.com/tucanbit/internal/module/airtime.(*airtime).Login
	/home/ashenafi-alemu/Downloads/tucanbit/internal/module/airtime/airtime.go:95
github.com/tucanbit/internal/module/airtime.Init
	/home/ashenafi-alemu/Downloads/tucanbit/internal/module/airtime/airtime.go:68
github.com/tucanbit/initiator.initModule
	/home/ashenafi-alemu/Downloads/tucanbit/initiator/module.go:139
github.com/tucanbit/initiator.Initiate
	/home/ashenafi-alemu/Downloads/tucanbit/initiator/initiator.go:87
main.main
	/home/ashenafi-alemu/Downloads/tucanbit/cmd/main.go:16
runtime.main
	/snap/go/10938/src/runtime/proc.go:283
{"level":"info","ts":1756457276.7388952,"caller":"kafka/kafka.go:96","msg":"Registered Kafka event handler","time":"2025-08-29T11:47:56+03:00","event_type":"lottery.draw.sync"}
2025-08-29T11:47:56.738+0300	INFO	initiator/initiator.go:89	done initializing module layer
2025-08-29T11:47:56.738+0300	INFO	initiator/initiator.go:93	initializing handler layer 
2025-08-29T11:47:56.739+0300	INFO	initiator/initiator.go:95	done initializing handler layer
2025-08-29T11:47:56.739+0300	INFO	initiator/initiator.go:97	initializing http server
[GIN-debug] [WARNING] Running in "debug" mode. Switch to "release" mode in production.
 - using env:	export GIN_MODE=release
 - using code:	gin.SetMode(gin.ReleaseMode)

[GIN-debug] GET    /swagger/*any             --> github.com/swaggo/gin-swagger.CustomWrapHandler.func1 (4 handlers)
2025-08-29T11:47:56.739+0300	INFO	initiator/initiator.go:105	done initializing server
2025-08-29T11:47:56.739+0300	INFO	initiator/initiator.go:108	initializing route
[GIN-debug] POST   /register                 --> github.com/tucanbit/internal/handler.User.RegisterUser-fm (6 handlers)
[GIN-debug] POST   /login                    --> github.com/tucanbit/internal/handler.User.Login-fm (6 handlers)
[GIN-debug] GET    /api/user/profile         --> github.com/tucanbit/internal/handler.User.GetProfile-fm (7 handlers)
[GIN-debug] POST   /api/user/profile/picture --> github.com/tucanbit/internal/handler.User.UpdateProfilePicture-fm (7 handlers)
[GIN-debug] PATCH  /api/user/password        --> github.com/tucanbit/internal/handler.User.ChangePassword-fm (7 handlers)
[GIN-debug] POST   /api/user/password/forget --> github.com/tucanbit/internal/handler.User.ForgetPassword-fm (6 handlers)
[GIN-debug] POST   /api/user/password/forget/verify --> github.com/tucanbit/internal/handler.User.VerifyResetPassword-fm (6 handlers)
[GIN-debug] POST   /api/user/password/reset  --> github.com/tucanbit/internal/handler.User.ResetPassword-fm (6 handlers)
[GIN-debug] POST   /api/user/profile         --> github.com/tucanbit/internal/handler.User.UpdateProfile-fm (7 handlers)
[GIN-debug] POST   /api/user/profile/confirm --> github.com/tucanbit/internal/handler.User.ConfirmUpdateProfile-fm (7 handlers)
[GIN-debug] GET    /user/oauth/google        --> github.com/tucanbit/internal/handler.User.HandleGoogleOauthReq-fm (6 handlers)
[GIN-debug] GET    /user/oauth/google/res    --> github.com/tucanbit/internal/handler.User.HandleGoogleOauthRes-fm (5 handlers)
[GIN-debug] GET    /user/oauth/facebook      --> github.com/tucanbit/internal/handler.User.FacebookLoginReq-fm (6 handlers)
[GIN-debug] GET    /user/oauth/facebook/res  --> github.com/tucanbit/internal/handler.User.HandleFacebookOauthRes-fm (5 handlers)
[GIN-debug] POST   /api/admin/users/block    --> github.com/tucanbit/internal/handler.User.BlockAccount-fm (8 handlers)
[GIN-debug] POST   /api/admin/users/block/accounts --> github.com/tucanbit/internal/handler.User.GetBlockedAccount-fm (8 handlers)
[GIN-debug] POST   /api/admin/ipfilters      --> github.com/tucanbit/internal/handler.User.AddIpFilter-fm (8 handlers)
[GIN-debug] GET    /api/admin/ipfilters      --> github.com/tucanbit/internal/handler.User.GetIpFilter-fm (8 handlers)
[GIN-debug] PATCH  /api/admin/users          --> github.com/tucanbit/internal/handler.User.AdminUpdateProfile-fm (8 handlers)
[GIN-debug] POST   /api/admin/users/password --> github.com/tucanbit/internal/handler.User.AdminResetUsersPassword-fm (8 handlers)
[GIN-debug] POST   /api/admin/users          --> github.com/tucanbit/internal/handler.User.GetUsers-fm (8 handlers)
[GIN-debug] DELETE /api/admin/ipfilters      --> github.com/tucanbit/internal/handler.User.RemoveIPFilter-fm (8 handlers)
[GIN-debug] GET    /api/user/referral        --> github.com/tucanbit/internal/handler.User.GetMyReferalCodes-fm (6 handlers)
[GIN-debug] GET    /api/user/referral/users  --> github.com/tucanbit/internal/handler.User.GetMyRefferedUsersAndPoints-fm (6 handlers)
[GIN-debug] GET    /api/admin/referrals      --> github.com/tucanbit/internal/handler.User.GetCurrentReferralMultiplier-fm (8 handlers)
[GIN-debug] POST   /api/admin/referrals      --> github.com/tucanbit/internal/handler.User.UpdateReferralMultiplier-fm (8 handlers)
[GIN-debug] POST   /api/admin/referrals/users --> github.com/tucanbit/internal/handler.User.UpdateUsersPointsForReferrances-fm (8 handlers)
[GIN-debug] GET    /api/admin/referrals/users --> github.com/tucanbit/internal/handler.User.GetAdminAssignedPoints-fm (8 handlers)
[GIN-debug] GET    /api/users/points         --> github.com/tucanbit/internal/handler.User.GetUserPoints-fm (6 handlers)
[GIN-debug] POST   /api/admin/players/register --> github.com/tucanbit/internal/handler.User.AdminRegisterPlayer-fm (7 handlers)
[GIN-debug] POST   /api/admin/login          --> github.com/tucanbit/internal/handler.User.AdminLogin-fm (6 handlers)
[GIN-debug] GET    /api/admins               --> github.com/tucanbit/internal/handler.User.GetAdmins-fm (7 handlers)
[GIN-debug] PUT    /api/admin/signup/bonus   --> github.com/tucanbit/internal/handler.User.UpdateSignupBonus-fm (7 handlers)
[GIN-debug] GET    /api/admin/signup/bonus   --> github.com/tucanbit/internal/handler.User.GetSignupBonus-fm (7 handlers)
[GIN-debug] PUT    /api/admin/referral/bonus/config --> github.com/tucanbit/internal/handler.User.UpdateReferralBonus-fm (8 handlers)
[GIN-debug] GET    /api/admin/referral/bonus/config --> github.com/tucanbit/internal/handler.User.GetReferralBonus-fm (8 handlers)
[GIN-debug] POST   /refresh                  --> github.com/tucanbit/internal/handler.User.RefreshToken-fm (6 handlers)
[GIN-debug] POST   /api/user/verify          --> github.com/tucanbit/internal/handler.User.VerifyUser-fm (5 handlers)
[GIN-debug] POST   /api/user/resend/verification/otp --> github.com/tucanbit/internal/handler.User.ReSendVerificationOTP-fm (5 handlers)
[GIN-debug] POST   /api/user/otp             --> github.com/tucanbit/internal/handler.User.GetOtp-fm (5 handlers)
[GIN-debug] POST   /api/admin/operationalgroup --> github.com/tucanbit/internal/handler.OpeartionalGroup.CreateOperationalGroup-fm (8 handlers)
[GIN-debug] GET    /api/admin/operationalgroup --> github.com/tucanbit/internal/handler.OpeartionalGroup.GetOperationalGroups-fm (8 handlers)
[GIN-debug] POST   /api/admin/operationalgrouptype --> github.com/tucanbit/internal/handler.OperationalGroupType.CreateOperationalGroupType-fm (8 handlers)
[GIN-debug] GET    /api/operationaltypes     --> github.com/tucanbit/internal/handler.OperationalGroupType.GetOperationalGroupTypes-fm (6 handlers)
[GIN-debug] GET    /api/admin/operationalgrouptype/:groupID --> github.com/tucanbit/internal/handler.OperationalGroupType.GetOperationalGroupTypesByGroupID-fm (8 handlers)
[GIN-debug] GET    /api/operations/definitions --> github.com/tucanbit/internal/handler.OperationsDefinition.GetOperationsDefinitions-fm (6 handlers)
[GIN-debug] GET    /api/balance              --> github.com/tucanbit/internal/handler.Balance.GetUserBalances-fm (7 handlers)
[GIN-debug] POST   /api/balance/exchange     --> github.com/tucanbit/internal/handler.Balance.ExchangeBalance-fm (7 handlers)
[GIN-debug] POST   /api/admin/players/funding --> github.com/tucanbit/internal/handler.Balance.ManualFunding-fm (7 handlers)
[GIN-debug] GET    /api/admin/balance/log/funds --> github.com/tucanbit/internal/handler.Balance.GetManualFundLogs-fm (8 handlers)
[GIN-debug] PATCH  /api/wallet/credit        --> github.com/tucanbit/internal/handler.Balance.CreditWallet-fm (5 handlers)
[GIN-debug] GET    /api/balance/logs         --> github.com/tucanbit/internal/handler.BalanceLogs.GetBalanceLogs-fm (6 handlers)
[GIN-debug] GET    /api/balance/logs/:id     --> github.com/tucanbit/internal/handler.BalanceLogs.GetBalanceLogByID-fm (6 handlers)
[GIN-debug] GET    /api/admin/balance/logs   --> github.com/tucanbit/internal/handler.BalanceLogs.GetBalanceLogsForAdmin-fm (8 handlers)
[GIN-debug] POST   /api/conversion/rate      --> github.com/tucanbit/internal/handler.Exchange.GetExcahnge-fm (5 handlers)
[GIN-debug] GET    /api/currencies           --> github.com/tucanbit/internal/handler.Exchange.GetAvailableCurrencies-fm (5 handlers)
[GIN-debug] GET    /ws                       --> github.com/tucanbit/internal/handler.WS.HandleWS-fm (5 handlers)
[GIN-debug] GET    /ws/single/player         --> github.com/tucanbit/internal/handler.WS.SinglePlayerStreamWS-fm (5 handlers)
[GIN-debug] GET    /ws/level/player          --> github.com/tucanbit/internal/handler.WS.PlayerLevelWS-fm (5 handlers)
[GIN-debug] GET    /ws/notify                --> github.com/tucanbit/internal/handler.WS.NotificationWS-fm (5 handlers)
[GIN-debug] GET    /ws/session               --> github.com/tucanbit/internal/handler.WS.SessionWS-fm (5 handlers)
[GIN-debug] GET    /ws/player/level/progress --> github.com/tucanbit/internal/handler.WS.PlayerProgressBarWS-fm (5 handlers)
[GIN-debug] GET    /ws/squads/progress       --> github.com/tucanbit/internal/handler.WS.InitiateTriggerSquadsProgressBar-fm (5 handlers)
[GIN-debug] GET    /ws/balance/player        --> github.com/tucanbit/internal/handler.WS.UserBalanceWS-fm (5 handlers)
[GIN-debug] GET    /api/game/round           --> github.com/tucanbit/internal/handler.Bet.GetOpenRound-fm (6 handlers)
[GIN-debug] POST   /api/game/place-bet       --> github.com/tucanbit/internal/handler.Bet.PlaceBet-fm (7 handlers)
[GIN-debug] POST   /api/game/cash-out        --> github.com/tucanbit/internal/handler.Bet.CashOut-fm (7 handlers)
[GIN-debug] GET    /api/admin/game/history   --> github.com/tucanbit/internal/handler.Bet.GetBetHistory-fm (8 handlers)
[GIN-debug] POST   /api/game/cancel          --> github.com/tucanbit/internal/handler.Bet.CancelBet-fm (8 handlers)
[GIN-debug] GET    /api/game/leaders         --> github.com/tucanbit/internal/handler.Bet.GetLeaders-fm (7 handlers)
[GIN-debug] GET    /api/user/game/history    --> github.com/tucanbit/internal/handler.Bet.GetMyBetHistory-fm (7 handlers)
[GIN-debug] GET    /api/admin/failed/rounds  --> github.com/tucanbit/internal/handler.Bet.GetAllFailedRounds-fm (7 handlers)
[GIN-debug] POST   /api/admin/failed/rounds  --> github.com/tucanbit/internal/handler.Bet.ManualRefundFailedRound-fm (8 handlers)
[GIN-debug] GET    /api/plinko/config        --> github.com/tucanbit/internal/handler.Bet.GetPlinkoGameConfig-fm (5 handlers)
[GIN-debug] POST   /api/plinko/drop          --> github.com/tucanbit/internal/handler.Bet.PlacePlinkoBet-fm (6 handlers)
[GIN-debug] GET    /api/plinko/history       --> github.com/tucanbit/internal/handler.Bet.GetUserPlinkoBetHistory-fm (6 handlers)
[GIN-debug] GET    /api/plinko/stats         --> github.com/tucanbit/internal/handler.Bet.GetPlinkoGameStats-fm (6 handlers)
[GIN-debug] POST   /api/admin/football/leagues --> github.com/tucanbit/internal/handler.Bet.CreateLeague-fm (8 handlers)
[GIN-debug] GET    /api/admin/football/leagues --> github.com/tucanbit/internal/handler.Bet.GetLeagues-fm (8 handlers)
[GIN-debug] POST   /api/admin/football/clubs --> github.com/tucanbit/internal/handler.Bet.CreateClub-fm (8 handlers)
[GIN-debug] GET    /api/admin/football/clubs --> github.com/tucanbit/internal/handler.Bet.GetClubs-fm (8 handlers)
[GIN-debug] PUT    /api/admin/football/configs --> github.com/tucanbit/internal/handler.Bet.UpdateFootballCardMultiplierValue-fm (8 handlers)
[GIN-debug] GET    /api/admin/football/configs --> github.com/tucanbit/internal/handler.Bet.GetFootballCardMultiplier-fm (8 handlers)
[GIN-debug] POST   /api/admin/football/rounds --> github.com/tucanbit/internal/handler.Bet.CreateFootballMatchRound-fm (8 handlers)
[GIN-debug] GET    /api/admin/football/rounds --> github.com/tucanbit/internal/handler.Bet.GetFootballMatchRounds-fm (8 handlers)
[GIN-debug] POST   /api/admin/football/matches --> github.com/tucanbit/internal/handler.Bet.CreateFootballMatch-fm (8 handlers)
[GIN-debug] POST   /api/admin/football/rounds/mathces --> github.com/tucanbit/internal/handler.Bet.GetFootballRoundMatchs-fm (8 handlers)
[GIN-debug] GET    /api/football/rounds/current --> github.com/tucanbit/internal/handler.Bet.GetCurrentFootballRound-fm (5 handlers)
[GIN-debug] PATCH  /api/admin/football/rounds/matches --> github.com/tucanbit/internal/handler.Bet.CloseFootballMatch-fm (8 handlers)
[GIN-debug] POST   /api/admin/football/rounds/prices --> github.com/tucanbit/internal/handler.Bet.UpdateFootballRoundPrice-fm (8 handlers)
[GIN-debug] GET    /api/football/rounds/prices --> github.com/tucanbit/internal/handler.Bet.GetFootballRoundPrice-fm (6 handlers)
[GIN-debug] POST   /api/football/rounds/bets --> github.com/tucanbit/internal/handler.Bet.PleceBetOnFootballRound-fm (6 handlers)
[GIN-debug] GET    /api/football/rounds/bets --> github.com/tucanbit/internal/handler.Bet.GetUserFootballBets-fm (6 handlers)
[GIN-debug] POST   /api/streetkings/bets     --> github.com/tucanbit/internal/handler.Bet.CreateStreetKingsGame-fm (6 handlers)
[GIN-debug] POST   /api/streetkings/bets/cashout --> github.com/tucanbit/internal/handler.Bet.CashOutStreetKingsBet-fm (6 handlers)
[GIN-debug] GET    /api/streetkings/bets     --> github.com/tucanbit/internal/handler.Bet.GetStreetkingHistory-fm (6 handlers)
[GIN-debug] POST   /api/admin/cryptokings/configs --> github.com/tucanbit/internal/handler.Bet.SetCrytoKingsConfig-fm (8 handlers)
[GIN-debug] POST   /api/cryptokings          --> github.com/tucanbit/internal/handler.Bet.PlaceCryptoKingsBet-fm (6 handlers)
[GIN-debug] GET    /api/cryptokings          --> github.com/tucanbit/internal/handler.Bet.GetCryptoKingsBetHistory-fm (6 handlers)
[GIN-debug] GET    /api/cryptokings/price    --> github.com/tucanbit/internal/handler.Bet.GetCryptoKingsCurrentCryptoPrice-fm (6 handlers)
[GIN-debug] POST   /api/quickhustles         --> github.com/tucanbit/internal/handler.Bet.PlaceQuickHustleBet-fm (6 handlers)
[GIN-debug] POST   /api/quickhustles/selects --> github.com/tucanbit/internal/handler.Bet.UserSelectCard-fm (6 handlers)
[GIN-debug] GET    /api/quickhustles         --> github.com/tucanbit/internal/handler.Bet.GetQuickHustleBetHistory-fm (6 handlers)
[GIN-debug] POST   /api/rolldadices          --> github.com/tucanbit/internal/handler.Bet.CreateRollDaDice-fm (6 handlers)
[GIN-debug] GET    /api/rolldadices          --> github.com/tucanbit/internal/handler.Bet.GetRollDaDiceHistory-fm (6 handlers)
[GIN-debug] GET    /api/scratchcards/price   --> github.com/tucanbit/internal/handler.Bet.GetScratchGamePrice-fm (6 handlers)
[GIN-debug] POST   /api/scratchcards         --> github.com/tucanbit/internal/handler.Bet.PlaceScratchCardBet-fm (6 handlers)
[GIN-debug] GET    /api/scratchcards         --> github.com/tucanbit/internal/handler.Bet.GetUserScratchCardBetHistories-fm (6 handlers)
[GIN-debug] GET    /api/spinningwheels/price --> github.com/tucanbit/internal/handler.Bet.GetSpinningWheelPrice-fm (6 handlers)
[GIN-debug] POST   /api/spinningwheels       --> github.com/tucanbit/internal/handler.Bet.PlaceSpinningWheelBet-fm (6 handlers)
[GIN-debug] GET    /api/spinningwheels       --> github.com/tucanbit/internal/handler.Bet.GetSpinningWheelUserBetHistory-fm (6 handlers)
[GIN-debug] GET    /api/admin/games          --> github.com/tucanbit/internal/handler.Bet.GetGames-fm (7 handlers)
[GIN-debug] PUT    /api/admin/games          --> github.com/tucanbit/internal/handler.Bet.UpdateGame-fm (7 handlers)
[GIN-debug] POST   /api/admin/games/disable  --> github.com/tucanbit/internal/handler.Bet.DisableAllGames-fm (7 handlers)
[GIN-debug] GET    /api/admin/games/available --> github.com/tucanbit/internal/handler.Bet.GetAvailableGames-fm (7 handlers)
[GIN-debug] DELETE /api/admin/games          --> github.com/tucanbit/internal/handler.Bet.DeleteGame-fm (7 handlers)
[GIN-debug] POST   /api/admin/games          --> github.com/tucanbit/internal/handler.Bet.AddGame-fm (7 handlers)
[GIN-debug] PUT    /api/admin/games/status   --> github.com/tucanbit/internal/handler.Bet.UpdateGameStatus-fm (7 handlers)
[GIN-debug] POST   /api/admin/spinningwheels/mysteries --> github.com/tucanbit/internal/handler.Bet.CreateSpinningWheelMysteries-fm (7 handlers)
[GIN-debug] GET    /api/admin/spinningwheels/mysteries --> github.com/tucanbit/internal/handler.Bet.GetSpinningWheelMysteries-fm (7 handlers)
[GIN-debug] DELETE /api/admin/spinningwheels/mysteries --> github.com/tucanbit/internal/handler.Bet.DeleteSpinningWheelMystery-fm (7 handlers)
[GIN-debug] PUT    /api/admin/spinningwheels/mysteries --> github.com/tucanbit/internal/handler.Bet.UpdateSpinningWheelMystery-fm (7 handlers)
[GIN-debug] POST   /api/admin/spinningwheels/config --> github.com/tucanbit/internal/handler.Bet.CreateSpinningWheelConfig-fm (7 handlers)
[GIN-debug] GET    /api/spinningwheels/configs --> github.com/tucanbit/internal/handler.Bet.GetSpinningWheelConfigs-fm (6 handlers)
[GIN-debug] DELETE /api/admin/spinningwheels/config --> github.com/tucanbit/internal/handler.Bet.DeleteSpinningWheelConfig-fm (7 handlers)
[GIN-debug] PUT    /api/admin/spinningwheels/config --> github.com/tucanbit/internal/handler.Bet.UpdateSpinningWheelConfig-fm (7 handlers)
[GIN-debug] POST   /api/admin/bets/icons     --> github.com/tucanbit/internal/handler.Bet.UpdateBetIcon-fm (7 handlers)
[GIN-debug] GET    /api/scratchcard/configs  --> github.com/tucanbit/internal/handler.Bet.GetScratchCardsConfig-fm (7 handlers)
[GIN-debug] PUT    /api/scratchcard/configs  --> github.com/tucanbit/internal/handler.Bet.UpdateScratchGameConfig-fm (7 handlers)
[GIN-debug] POST   /api/admin/levels         --> github.com/tucanbit/internal/handler.Bet.CreateLevel-fm (7 handlers)
[GIN-debug] GET    /api/levels               --> github.com/tucanbit/internal/handler.Bet.GetLevels-fm (7 handlers)
[GIN-debug] POST   /api/admin/levels/requirements --> github.com/tucanbit/internal/handler.Bet.CreateLevelRequirements-fm (7 handlers)
[GIN-debug] PUT    /api/admin/levels/requirements --> github.com/tucanbit/internal/handler.Bet.UpdateLevelRequirement-fm (7 handlers)
[GIN-debug] GET    /api/users/level          --> github.com/tucanbit/internal/handler.Bet.GetUserLevel-fm (6 handlers)
[GIN-debug] POST   /api/test/fake/transaction --> github.com/tucanbit/internal/handler.Bet.AddFakeBalanceLog-fm (6 handlers)
[GIN-debug] POST   /api/admin/lootboxes      --> github.com/tucanbit/internal/handler.Bet.CreateLootBox-fm (8 handlers)
[GIN-debug] PUT    /api/admin/lootboxes      --> github.com/tucanbit/internal/handler.Bet.UpdateLootBox-fm (8 handlers)
[GIN-debug] DELETE /api/admin/lootboxes/:id  --> github.com/tucanbit/internal/handler.Bet.DeleteLootBox-fm (8 handlers)
[GIN-debug] GET    /api/admin/lootboxes      --> github.com/tucanbit/internal/handler.Bet.GetLootBox-fm (8 handlers)
[GIN-debug] GET    /api/bet/lootboxes        --> github.com/tucanbit/internal/handler.Bet.PlaceLootBoxBet-fm (6 handlers)
[GIN-debug] POST   /api/bet/lootboxes/select --> github.com/tucanbit/internal/handler.Bet.SelectLootBox-fm (6 handlers)
[GIN-debug] POST   /api/admin/departments    --> github.com/tucanbit/internal/handler.Departements.CreateDepartement-fm (8 handlers)
[GIN-debug] GET    /api/admin/departments    --> github.com/tucanbit/internal/handler.Departements.GetDepartement-fm (8 handlers)
[GIN-debug] PATCH  /api/admin/departments    --> github.com/tucanbit/internal/handler.Departements.UpdateDepartment-fm (8 handlers)
[GIN-debug] POST   /api/admin/departments/assign --> github.com/tucanbit/internal/handler.Departements.AssignUserToDepartment-fm (8 handlers)
[GIN-debug] GET    /api/admin/performance/financial --> github.com/tucanbit/internal/handler.Performance.GetFinancialMetrics-fm (8 handlers)
[GIN-debug] GET    /api/admin/performance/game --> github.com/tucanbit/internal/handler.Performance.GameMatrics-fm (8 handlers)
[GIN-debug] GET    /api/admin/permissions    --> github.com/tucanbit/internal/handler.Authz.GetPermissions-fm (7 handlers)
[GIN-debug] POST   /api/admin/roles          --> github.com/tucanbit/internal/handler.Authz.CreateRole-fm (8 handlers)
[GIN-debug] GET    /api/admin/roles          --> github.com/tucanbit/internal/handler.Authz.GetRoles-fm (8 handlers)
[GIN-debug] PATCH  /api/admin/roles          --> github.com/tucanbit/internal/handler.Authz.UpdateRolePermissions-fm (8 handlers)
[GIN-debug] DELETE /api/admin/roles          --> github.com/tucanbit/internal/handler.Authz.RemoveRole-fm (8 handlers)
[GIN-debug] POST   /api/admin/users/roles    --> github.com/tucanbit/internal/handler.Authz.AssignRoleToUser-fm (8 handlers)
[GIN-debug] DELETE /api/admin/users/roles    --> github.com/tucanbit/internal/handler.Authz.RevokeUserRole-fm (8 handlers)
[GIN-debug] GET    /api/admin/roles/:id/users --> github.com/tucanbit/internal/handler.Authz.GetRoleUsers-fm (8 handlers)
[GIN-debug] GET    /api/admin/users/:id/roles --> github.com/tucanbit/internal/handler.Authz.GetUserRoles-fm (8 handlers)
[GIN-debug] POST   /api/wallet/connect       --> github.com/tucanbit/internal/handler.Authz.ConnectWallet-fm (7 handlers)
[GIN-debug] DELETE /api/wallet/disconnect/:connection_id --> github.com/tucanbit/internal/handler.Authz.DisconnectWallet-fm (7 handlers)
[GIN-debug] GET    /api/wallet/list          --> github.com/tucanbit/internal/handler.Authz.GetUserWallets-fm (7 handlers)
[GIN-debug] POST   /api/wallet/challenge     --> github.com/tucanbit/internal/handler.Authz.CreateWalletChallenge-fm (6 handlers)
[GIN-debug] POST   /api/wallet/verify        --> github.com/tucanbit/internal/handler.Authz.VerifyWalletChallenge-fm (6 handlers)
[GIN-debug] POST   /api/wallet/login         --> github.com/tucanbit/internal/handler.Authz.LoginWithWallet-fm (6 handlers)
[GIN-debug] GET    /api/admin/airtime/refresh --> github.com/tucanbit/internal/handler.AirtimeProvider.RefereshAirtimeUtilities-fm (8 handlers)
[GIN-debug] GET    /api/admin/airtime/utilities --> github.com/tucanbit/internal/handler.AirtimeProvider.GetAvailableAirtime-fm (8 handlers)
[GIN-debug] PUT    /api/admin/airtime        --> github.com/tucanbit/internal/handler.AirtimeProvider.UpdateAirtimeStatus-fm (8 handlers)
[GIN-debug] PUT    /api/admin/airtime/price  --> github.com/tucanbit/internal/handler.AirtimeProvider.UpdateAirtimeUtilityPrice-fm (8 handlers)
[GIN-debug] POST   /api/airtime/claim        --> github.com/tucanbit/internal/handler.AirtimeProvider.ClaimPoints-fm (6 handlers)
[GIN-debug] GET    /api/airtime/active/utilities --> github.com/tucanbit/internal/handler.AirtimeProvider.GetActiveAvailableAirtime-fm (6 handlers)
[GIN-debug] GET    /api/airtime/transactions --> github.com/tucanbit/internal/handler.AirtimeProvider.GetUserAirtimeTransactions-fm (6 handlers)
[GIN-debug] GET    /api/admin/airtime/transactions --> github.com/tucanbit/internal/handler.AirtimeProvider.GetAllAirtimeUtilitiesTransactions-fm (8 handlers)
[GIN-debug] PUT    /api/admin/airtime/amount --> github.com/tucanbit/internal/handler.AirtimeProvider.UpdateAirtimeAmount-fm (8 handlers)
[GIN-debug] GET    /api/admin/airtime/stats  --> github.com/tucanbit/internal/handler.AirtimeProvider.GetAirtimeUtilitiesStats-fm (8 handlers)
[GIN-debug] POST   /api/admin/logs           --> github.com/tucanbit/internal/handler.SystemLogs.GetSystemLogs-fm (8 handlers)
[GIN-debug] GET    /api/admin/logs/modules   --> github.com/tucanbit/internal/handler.SystemLogs.GetAvailableLogModules-fm (8 handlers)
[GIN-debug] POST   /api/admin/companies      --> github.com/tucanbit/internal/handler.Company.CreateCompany-fm (8 handlers)
[GIN-debug] GET    /api/admin/companies      --> github.com/tucanbit/internal/handler.Company.GetCompanies-fm (8 handlers)
[GIN-debug] GET    /api/admin/companies/:id  --> github.com/tucanbit/internal/handler.Company.GetCompanyByID-fm (8 handlers)
[GIN-debug] PATCH  /api/admin/companies/:id  --> github.com/tucanbit/internal/handler.Company.UpdateCompany-fm (8 handlers)
[GIN-debug] DELETE /api/admin/companies/:id  --> github.com/tucanbit/internal/handler.Company.DeleteCompany-fm (8 handlers)
[GIN-debug] PATCH  /api/admin/companies/:id/add-ip --> github.com/tucanbit/internal/handler.Company.AddIP-fm (8 handlers)
[GIN-debug] GET    /api/admin/report/daily   --> github.com/tucanbit/internal/handler.Report.GetDailyReport-fm (8 handlers)
[GIN-debug] POST   /api/squads               --> github.com/tucanbit/internal/handler.Squads.CreateSquad-fm (6 handlers)
[GIN-debug] GET    /api/squads               --> github.com/tucanbit/internal/handler.Squads.GetMySquads-fm (6 handlers)
[GIN-debug] GET    /api/squads/own           --> github.com/tucanbit/internal/handler.Squads.GetMyOwnSquads-fm (6 handlers)
[GIN-debug] GET    /api/squads/type          --> github.com/tucanbit/internal/handler.Squads.GetSquadsByType-fm (6 handlers)
[GIN-debug] GET    /api/squads/name          --> github.com/tucanbit/internal/handler.Squads.GetSquadByName-fm (6 handlers)
[GIN-debug] PUT    /api/squads/own           --> github.com/tucanbit/internal/handler.Squads.UpdateSquadHandle-fm (6 handlers)
[GIN-debug] DELETE /api/squads/delete        --> github.com/tucanbit/internal/handler.Squads.DeleteSquad-fm (6 handlers)
[GIN-debug] POST   /api/squads/members       --> github.com/tucanbit/internal/handler.Squads.CreateSquadMember-fm (6 handlers)
[GIN-debug] GET    /api/squads/members/bysquadid --> github.com/tucanbit/internal/handler.Squads.GetSquadMembersBySquadID-fm (6 handlers)
[GIN-debug] DELETE /api/squads/members/:member_id --> github.com/tucanbit/internal/handler.Squads.DeleteSquadMember-fm (6 handlers)
[GIN-debug] DELETE /api/squads/members/all   --> github.com/tucanbit/internal/handler.Squads.DeleteSquadMembersBySquadID-fm (6 handlers)
[GIN-debug] GET    /api/squads/earns         --> github.com/tucanbit/internal/handler.Squads.GetSquadEarns-fm (6 handlers)
[GIN-debug] GET    /api/my/squads/earns      --> github.com/tucanbit/internal/handler.Squads.GetMySquadEarns-fm (6 handlers)
[GIN-debug] GET    /api/squads/total/earns   --> github.com/tucanbit/internal/handler.Squads.GetSquadTotalEarns-fm (6 handlers)
[GIN-debug] GET    /api/squads/members/earnings --> github.com/tucanbit/internal/handler.Squads.GetSquadMembersEarnings-fm (6 handlers)
[GIN-debug] GET    /api/squads/tournament/ranking --> github.com/tucanbit/internal/handler.Squads.GetTornamentStyleRanking-fm (6 handlers)
[GIN-debug] POST   /api/admins/tournaments   --> github.com/tucanbit/internal/handler.Squads.CreateTournaments-fm (8 handlers)
[GIN-debug] GET    /api/tournaments          --> github.com/tucanbit/internal/handler.Squads.GetTornamentStyles-fm (6 handlers)
[GIN-debug] DELETE /api/squads/:squad_id/members/leave --> github.com/tucanbit/internal/handler.Squads.LeaveSquad-fm (6 handlers)
[GIN-debug] POST   /api/squads/:squad_id/members/join --> github.com/tucanbit/internal/handler.Squads.JoinSquad-fm (6 handlers)
[GIN-debug] GET    /api/squads/waitlist      --> github.com/tucanbit/internal/handler.Squads.GetSquadWaitlist-fm (6 handlers)
[GIN-debug] DELETE /api/squads/waitlist/remove --> github.com/tucanbit/internal/handler.Squads.RemoveWaitingSquadWaitingUser-fm (6 handlers)
[GIN-debug] POST   /api/squads/waitlist/approve --> github.com/tucanbit/internal/handler.Squads.ApproveWaitingSquadMember-fm (6 handlers)
[GIN-debug] POST   /api/notifications        --> github.com/tucanbit/internal/handler.Notification.CreateNotification-fm (6 handlers)
[GIN-debug] GET    /api/notifications        --> github.com/tucanbit/internal/handler.Notification.GetUserNotifications-fm (6 handlers)
[GIN-debug] PATCH  /api/notifications/:id/mark-read --> github.com/tucanbit/internal/handler.Notification.MarkNotificationRead-fm (6 handlers)
[GIN-debug] PATCH  /api/notifications/mark-all-read --> github.com/tucanbit/internal/handler.Notification.MarkAllNotificationsRead-fm (6 handlers)
[GIN-debug] DELETE /api/notifications/:id    --> github.com/tucanbit/internal/handler.Notification.DeleteNotification-fm (6 handlers)
[GIN-debug] GET    /api/admin/adds/services  --> github.com/tucanbit/internal/handler.Adds.GetAddsServices-fm (8 handlers)
[GIN-debug] POST   /api/admin/adds/services  --> github.com/tucanbit/internal/handler.Adds.SaveAddsService-fm (8 handlers)
[GIN-debug] POST   /api/adds/signin          --> github.com/tucanbit/internal/handler.Adds.SignIn-fm (5 handlers)
[GIN-debug] POST   /api/adds/balance/update  --> github.com/tucanbit/internal/handler.Adds.UpdateBalance-fm (6 handlers)
[GIN-debug] GET    /api/admin/banners        --> github.com/tucanbit/internal/handler.Banner.GetAllBanners-fm (8 handlers)
[GIN-debug] POST   /api/admin/banners        --> github.com/tucanbit/internal/handler.Banner.CreateBanner-fm (8 handlers)
[GIN-debug] GET    /api/admin/banners/display --> github.com/tucanbit/internal/handler.Banner.GetBannerByPage-fm (8 handlers)
[GIN-debug] POST   /api/admin/banners/upload --> github.com/tucanbit/internal/handler.Banner.UploadBannerImage-fm (8 handlers)
[GIN-debug] PATCH  /api/admin/banners/:id    --> github.com/tucanbit/internal/handler.Banner.UpdateBanner-fm (8 handlers)
[GIN-debug] DELETE /api/admin/banners/:id    --> github.com/tucanbit/internal/handler.Banner.DeleteBanner-fm (8 handlers)
[GIN-debug] POST   /admin/lottery/service    --> github.com/tucanbit/internal/handler.Lottery.CreateLotteryService-fm (8 handlers)
[GIN-debug] POST   /admin/lottery/request    --> github.com/tucanbit/internal/handler.Lottery.CreateLotteryRequest-fm (8 handlers)
[GIN-debug] POST   /lottery/verify/deduct/balance --> github.com/tucanbit/internal/handler.Lottery.CheckUserBalanceAndDeductBalance-fm (6 handlers)
[GIN-debug] POST   /api/sports/signin        --> github.com/tucanbit/internal/handler.SportsService.SignIn-fm (5 handlers)
[GIN-debug] POST   /api/sports/placebet      --> github.com/tucanbit/internal/handler.SportsService.PlaceBet-fm (7 handlers)
[GIN-debug] POST   /api/sports/awardwinnings --> github.com/tucanbit/internal/handler.SportsService.AwardWinnings-fm (7 handlers)
[GIN-debug] GET    /api/admin/risk/settings  --> github.com/tucanbit/internal/handler.RiskSettings.GetRiskSettings-fm (8 handlers)
[GIN-debug] PUT    /api/admin/risk/settings  --> github.com/tucanbit/internal/handler.RiskSettings.SetRiskSettings-fm (8 handlers)
[GIN-debug] POST   /api/agent/links          --> github.com/tucanbit/internal/handler.Agent.CreateAgentReferralLink-fm (5 handlers)
[GIN-debug] GET    /api/admin/agent/referrals --> github.com/tucanbit/internal/handler.Agent.GetAgentReferrals-fm (8 handlers)
[GIN-debug] GET    /api/admin/agent/stats    --> github.com/tucanbit/internal/handler.Agent.GetReferralStats-fm (8 handlers)
[GIN-debug] POST   /api/admin/agent/providers --> github.com/tucanbit/internal/handler.Agent.CreateAgentProvider-fm (8 handlers)
[GIN-debug] POST   /api/otp/email-verification --> github.com/tucanbit/internal/handler.OTP.CreateEmailVerification-fm (5 handlers)
[GIN-debug] POST   /api/otp/verify           --> github.com/tucanbit/internal/handler.OTP.VerifyOTP-fm (5 handlers)
[GIN-debug] POST   /api/otp/resend           --> github.com/tucanbit/internal/handler.OTP.ResendOTP-fm (5 handlers)
[GIN-debug] GET    /api/otp/:otp_id          --> github.com/tucanbit/internal/handler.OTP.GetOTPInfo-fm (5 handlers)
[GIN-debug] DELETE /api/otp/:otp_id/invalidate --> github.com/tucanbit/internal/handler.OTP.InvalidateOTP-fm (5 handlers)
[GIN-debug] POST   /api/otp/cleanup          --> github.com/tucanbit/internal/handler.OTP.CleanupExpiredOTPs-fm (5 handlers)
[GIN-debug] GET    /api/otp/stats            --> github.com/tucanbit/internal/handler.OTP.GetOTPStats-fm (5 handlers)
2025-08-29T11:47:56.741+0300	INFO	initiator/initiator.go:110	done initializing route
2025-08-29T11:47:56.741+0300	INFO	initiator/initiator.go:112	Server configuration	{"host": "0.0.0.0", "port": 8080}
2025-08-29T11:47:56.741+0300	INFO	initiator/initiator.go:117	initializing server
2025-08-29T11:47:56.741+0300	INFO	initiator/initiator.go:131	http server listening on port : 8080
%3|1756457277.691|FAIL|rdkafka#producer-1| [thrd:localhost:9093/bootstrap]: localhost:9093/bootstrap: Connect to ipv4#127.0.0.1:9093 failed: Connection refused (after 0ms in state CONNECT, 1 identical error(s) suppressed)
%3|1756457277.699|FAIL|rdkafka#consumer-2| [thrd:localhost:9093/bootstrap]: localhost:9093/bootstrap: Connect to ipv4#127.0.0.1:9093 failed: Connection refused (after 0ms in state CONNECT, 1 identical error(s) suppressed)
{"level":"error","ts":1756457277.6994338,"caller":"kafka/kafka.go:179","msg":"Error reading message","time":"2025-08-29T11:47:57+03:00","error":"localhost:9093/bootstrap: Connect to ipv4#127.0.0.1:9093 failed: Connection refused (after 0ms in state CONNECT, 1 identical error(s) suppressed)","stacktrace":"github.com/tucanbit/platform/kafka.(*kafkaController).StartConsumer\n\t/home/ashenafi-alemu/Downloads/tucanbit/platform/kafka/kafka.go:179"}
%3|1756457307.692|FAIL|rdkafka#producer-1| [thrd:localhost:9093/bootstrap]: localhost:9093/bootstrap: Connect to ipv4#127.0.0.1:9093 failed: Connection refused (after 0ms in state CONNECT, 30 identical error(s) suppressed)
%3|1756457307.700|FAIL|rdkafka#consumer-2| [thrd:localhost:9093/bootstrap]: localhost:9093/bootstrap: Connect to ipv4#127.0.0.1:9093 failed: Connection refused (after 0ms in state CONNECT, 30 identical error(s) suppressed)
{"level":"error","ts":1756457307.700755,"caller":"kafka/kafka.go:179","msg":"Error reading message","time":"2025-08-29T11:48:27+03:00","error":"localhost:9093/bootstrap: Connect to ipv4#127.0.0.1:9093 failed: Connection refused (after 0ms in state CONNECT, 30 identical error(s) suppressed)","stacktrace":"github.com/tucanbit/platform/kafka.(*kafkaController).StartConsumer\n\t/home/ashenafi-alemu/Downloads/tucanbit/platform/kafka/kafka.go:179"}
2025-08-29T11:48:56.006+0300	DEBUG	agent/agent.go:226	no pending callbacks to process
%3|1756457337.694|FAIL|rdkafka#producer-1| [thrd:localhost:9093/bootstrap]: localhost:9093/bootstrap: Connect to ipv4#127.0.0.1:9093 failed: Connection refused (after 0ms in state CONNECT, 30 identical error(s) suppressed)
%3|1756457338.701|FAIL|rdkafka#consumer-2| [thrd:localhost:9093/bootstrap]: localhost:9093/bootstrap: Connect to ipv4#127.0.0.1:9093 failed: Connection refused (after 0ms in state CONNECT, 31 identical error(s) suppressed)
{"level":"error","ts":1756457338.7013645,"caller":"kafka/kafka.go:179","msg":"Error reading message","time":"2025-08-29T11:48:58+03:00","error":"localhost:9093/bootstrap: Connect to ipv4#127.0.0.1:9093 failed: Connection refused (after 0ms in state CONNECT, 31 identical error(s) suppressed)","stacktrace":"github.com/tucanbit/platform/kafka.(*kafkaController).StartConsumer\n\t/home/ashenafi-alemu/Downloads/tucanbit/platform/kafka/kafka.go:179"}
%3|1756457367.694|FAIL|rdkafka#producer-1| [thrd:localhost:9093/bootstrap]: localhost:9093/bootstrap: Connect to ipv4#127.0.0.1:9093 failed: Connection refused (after 0ms in state CONNECT, 30 identical error(s) suppressed)
%3|1756457369.700|FAIL|rdkafka#consumer-2| [thrd:localhost:9093/bootstrap]: localhost:9093/bootstrap: Connect to ipv4#127.0.0.1:9093 failed: Connection refused (after 0ms in state CONNECT, 31 identical error(s) suppressed)
{"level":"error","ts":1756457369.7006404,"caller":"kafka/kafka.go:179","msg":"Error reading message","time":"2025-08-29T11:49:29+03:00","error":"localhost:9093/bootstrap: Connect to ipv4#127.0.0.1:9093 failed: Connection refused (after 0ms in state CONNECT, 31 identical error(s) suppressed)","stacktrace":"github.com/tucanbit/platform/kafka.(*kafkaController).StartConsumer\n\t/home/ashenafi-alemu/Downloads/tucanbit/platform/kafka/kafka.go:179"}
2025-08-29T11:49:56.001+0300	DEBUG	agent/agent.go:226	no pending callbacks to process
%3|1756457397.695|FAIL|rdkafka#producer-1| [thrd:localhost:9093/bootstrap]: localhost:9093/bootstrap: Connect to ipv4#127.0.0.1:9093 failed: Connection refused (after 0ms in state CONNECT, 30 identical error(s) suppressed)
%3|1756457399.701|FAIL|rdkafka#consumer-2| [thrd:localhost:9093/bootstrap]: localhost:9093/bootstrap: Connect to ipv4#127.0.0.1:9093 failed: Connection refused (after 0ms in state CONNECT, 30 identical error(s) suppressed)
{"level":"error","ts":1756457399.7013092,"caller":"kafka/kafka.go:179","msg":"Error reading message","time":"2025-08-29T11:49:59+03:00","error":"localhost:9093/bootstrap: Connect to ipv4#127.0.0.1:9093 failed: Connection refused (after 0ms in state CONNECT, 30 identical error(s) suppressed)","stacktrace":"github.com/tucanbit/platform/kafka.(*kafkaController).StartConsumer\n\t/home/ashenafi-alemu/Downloads/tucanbit/platform/kafka/kafka.go:179"}
%3|1756457427.697|FAIL|rdkafka#producer-1| [thrd:localhost:9093/bootstrap]: localhost:9093/bootstrap: Connect to ipv4#127.0.0.1:9093 failed: Connection refused (after 0ms in state CONNECT, 30 identical error(s) suppressed)
%3|1756457429.701|FAIL|rdkafka#consumer-2| [thrd:localhost:9093/bootstrap]: localhost:9093/bootstrap: Connect to ipv4#127.0.0.1:9093 failed: Connection refused (after 0ms in state CONNECT, 30 identical error(s) suppressed)
{"level":"error","ts":1756457429.701595,"caller":"kafka/kafka.go:179","msg":"Error reading message","time":"2025-08-29T11:50:29+03:00","error":"localhost:9093/bootstrap: Connect to ipv4#127.0.0.1:9093 failed: Connection refused (after 0ms in state CONNECT, 30 identical error(s) suppressed)","stacktrace":"github.com/tucanbit/platform/kafka.(*kafkaController).StartConsumer\n\t/home/ashenafi-alemu/Downloads/tucanbit/platform/kafka/kafka.go:179"}
2025-08-29T11:50:56.002+0300	DEBUG	agent/agent.go:226	no pending callbacks to process
%3|1756457457.698|FAIL|rdkafka#producer-1| [thrd:localhost:9093/bootstrap]: localhost:9093/bootstrap: Connect to ipv4#127.0.0.1:9093 failed: Connection refused (after 0ms in state CONNECT, 30 identical error(s) suppressed)
%3|1756457459.701|FAIL|rdkafka#consumer-2| [thrd:localhost:9093/bootstrap]: localhost:9093/bootstrap: Connect to ipv4#127.0.0.1:9093 failed: Connection refused (after 0ms in state CONNECT, 30 identical error(s) suppressed)
{"level":"error","ts":1756457459.702011,"caller":"kafka/kafka.go:179","msg":"Error reading message","time":"2025-08-29T11:50:59+03:00","error":"localhost:9093/bootstrap: Connect to ipv4#127.0.0.1:9093 failed: Connection refused (after 0ms in state CONNECT, 30 identical error(s) suppressed)","stacktrace":"github.com/tucanbit/platform/kafka.(*kafkaController).StartConsumer\n\t/home/ashenafi-alemu/Downloads/tucanbit/platform/kafka/kafka.go:179"}
%3|1756457487.699|FAIL|rdkafka#producer-1| [thrd:localhost:9093/bootstrap]: localhost:9093/bootstrap: Connect to ipv4#127.0.0.1:9093 failed: Connection refused (after 0ms in state CONNECT, 30 identical error(s) suppressed)
%3|1756457489.702|FAIL|rdkafka#consumer-2| [thrd:localhost:9093/bootstrap]: localhost:9093/bootstrap: Connect to ipv4#127.0.0.1:9093 failed: Connection refused (after 0ms in state CONNECT, 30 identical error(s) suppressed)
{"level":"error","ts":1756457489.7025816,"caller":"kafka/kafka.go:179","msg":"Error reading message","time":"2025-08-29T11:51:29+03:00","error":"localhost:9093/bootstrap: Connect to ipv4#127.0.0.1:9093 failed: Connection refused (after 0ms in state CONNECT, 30 identical error(s) suppressed)","stacktrace":"github.com/tucanbit/platform/kafka.(*kafkaController).StartConsumer\n\t/home/ashenafi-alemu/Downloads/tucanbit/platform/kafka/kafka.go:179"}
2025-08-29T11:51:56.001+0300	DEBUG	agent/agent.go:226	no pending callbacks to process
%3|1756457517.700|FAIL|rdkafka#producer-1| [thrd:localhost:9093/bootstrap]: localhost:9093/bootstrap: Connect to ipv4#127.0.0.1:9093 failed: Connection refused (after 0ms in state CONNECT, 30 identical error(s) suppressed)
%3|1756457519.702|FAIL|rdkafka#consumer-2| [thrd:localhost:9093/bootstrap]: localhost:9093/bootstrap: Connect to ipv4#127.0.0.1:9093 failed: Connection refused (after 0ms in state CONNECT, 30 identical error(s) suppressed)
{"level":"error","ts":1756457519.703022,"caller":"kafka/kafka.go:179","msg":"Error reading message","time":"2025-08-29T11:51:59+03:00","error":"localhost:9093/bootstrap: Connect to ipv4#127.0.0.1:9093 failed: Connection refused (after 0ms in state CONNECT, 30 identical error(s) suppressed)","stacktrace":"github.com/tucanbit/platform/kafka.(*kafkaController).StartConsumer\n\t/home/ashenafi-alemu/Downloads/tucanbit/platform/kafka/kafka.go:179"}
%3|1756457547.702|FAIL|rdkafka#producer-1| [thrd:localhost:9093/bootstrap]: localhost:9093/bootstrap: Connect to ipv4#127.0.0.1:9093 failed: Connection refused (after 0ms in state CONNECT, 30 identical error(s) suppressed)
%3|1756457549.704|FAIL|rdkafka#consumer-2| [thrd:localhost:9093/bootstrap]: localhost:9093/bootstrap: Connect to ipv4#127.0.0.1:9093 failed: Connection refused (after 0ms in state CONNECT, 30 identical error(s) suppressed)
{"level":"error","ts":1756457549.7044215,"caller":"kafka/kafka.go:179","msg":"Error reading message","time":"2025-08-29T11:52:29+03:00","error":"localhost:9093/bootstrap: Connect to ipv4#127.0.0.1:9093 failed: Connection refused (after 0ms in state CONNECT, 30 identical error(s) suppressed)","stacktrace":"github.com/tucanbit/platform/kafka.(*kafkaController).StartConsumer\n\t/home/ashenafi-alemu/Downloads/tucanbit/platform/kafka/kafka.go:179"}
2025-08-29T11:52:56.003+0300	DEBUG	agent/agent.go:226	no pending callbacks to process
2025-08-29T11:52:56.726+0300	INFO	user/user.go:1647	Found expiring sessions	{"count": 0}
%3|1756457577.703|FAIL|rdkafka#producer-1| [thrd:localhost:9093/bootstrap]: localhost:9093/bootstrap: Connect to ipv4#127.0.0.1:9093 failed: Connection refused (after 0ms in state CONNECT, 30 identical error(s) suppressed)
%3|1756457580.704|FAIL|rdkafka#consumer-2| [thrd:localhost:9093/bootstrap]: localhost:9093/bootstrap: Connect to ipv4#127.0.0.1:9093 failed: Connection refused (after 0ms in state CONNECT, 31 identical error(s) suppressed)
{"level":"error","ts":1756457580.7044022,"caller":"kafka/kafka.go:179","msg":"Error reading message","time":"2025-08-29T11:53:00+03:00","error":"localhost:9093/bootstrap: Connect to ipv4#127.0.0.1:9093 failed: Connection refused (after 0ms in state CONNECT, 31 identical error(s) suppressed)","stacktrace":"github.com/tucanbit/platform/kafka.(*kafkaController).StartConsumer\n\t/home/ashenafi-alemu/Downloads/tucanbit/platform/kafka/kafka.go:179"}
2025-08-29T11:53:00.872+0300	INFO	bet/rounds.go:147	cleanup for round	{"roundID": "eee568a1-2943-4c6c-ac28-c6e89eadebcc"}
%3|1756457607.704|FAIL|rdkafka#producer-1| [thrd:localhost:9093/bootstrap]: localhost:9093/bootstrap: Connect to ipv4#127.0.0.1:9093 failed: Connection refused (after 0ms in state CONNECT, 30 identical error(s) suppressed)
%3|1756457610.704|FAIL|rdkafka#consumer-2| [thrd:localhost:9093/bootstrap]: localhost:9093/bootstrap: Connect to ipv4#127.0.0.1:9093 failed: Connection refused (after 0ms in state CONNECT, 30 identical error(s) suppressed)
{"level":"error","ts":1756457610.7049348,"caller":"kafka/kafka.go:179","msg":"Error reading message","time":"2025-08-29T11:53:30+03:00","error":"localhost:9093/bootstrap: Connect to ipv4#127.0.0.1:9093 failed: Connection refused (after 0ms in state CONNECT, 30 identical error(s) suppressed)","stacktrace":"github.com/tucanbit/platform/kafka.(*kafkaController).StartConsumer\n\t/home/ashenafi-alemu/Downloads/tucanbit/platform/kafka/kafka.go:179"}
2025-08-29T11:53:56.001+0300	DEBUG	agent/agent.go:226	no pending callbacks to process
%3|1756457637.705|FAIL|rdkafka#producer-1| [thrd:localhost:9093/bootstrap]: localhost:9093/bootstrap: Connect to ipv4#127.0.0.1:9093 failed: Connection refused (after 0ms in state CONNECT, 30 identical error(s) suppressed)
%3|1756457640.705|FAIL|rdkafka#consumer-2| [thrd:localhost:9093/bootstrap]: localhost:9093/bootstrap: Connect to ipv4#127.0.0.1:9093 failed: Connection refused (after 0ms in state CONNECT, 30 identical error(s) suppressed)
{"level":"error","ts":1756457640.7053998,"caller":"kafka/kafka.go:179","msg":"Error reading message","time":"2025-08-29T11:54:00+03:00","error":"localhost:9093/bootstrap: Connect to ipv4#127.0.0.1:9093 failed: Connection refused (after 0ms in state CONNECT, 30 identical error(s) suppressed)","stacktrace":"github.com/tucanbit/platform/kafka.(*kafkaController).StartConsumer\n\t/home/ashenafi-alemu/Downloads/tucanbit/platform/kafka/kafka.go:179"}
%3|1756457667.706|FAIL|rdkafka#producer-1| [thrd:localhost:9093/bootstrap]: localhost:9093/bootstrap: Connect to ipv4#127.0.0.1:9093 failed: Connection refused (after 0ms in state CONNECT, 30 identical error(s) suppressed)
%3|1756457670.705|FAIL|rdkafka#consumer-2| [thrd:localhost:9093/bootstrap]: localhost:9093/bootstrap: Connect to ipv4#127.0.0.1:9093 failed: Connection refused (after 0ms in state CONNECT, 30 identical error(s) suppressed)
{"level":"error","ts":1756457670.705822,"caller":"kafka/kafka.go:179","msg":"Error reading message","time":"2025-08-29T11:54:30+03:00","error":"localhost:9093/bootstrap: Connect to ipv4#127.0.0.1:9093 failed: Connection refused (after 0ms in state CONNECT, 30 identical error(s) suppressed)","stacktrace":"github.com/tucanbit/platform/kafka.(*kafkaController).StartConsumer\n\t/home/ashenafi-alemu/Downloads/tucanbit/platform/kafka/kafka.go:179"}
2025-08-29T11:54:56.001+0300	DEBUG	agent/agent.go:226	no pending callbacks to process
%3|1756457697.707|FAIL|rdkafka#producer-1| [thrd:localhost:9093/bootstrap]: localhost:9093/bootstrap: Connect to ipv4#127.0.0.1:9093 failed: Connection refused (after 0ms in state CONNECT, 30 identical error(s) suppressed)
%3|1756457700.705|FAIL|rdkafka#consumer-2| [thrd:localhost:9093/bootstrap]: localhost:9093/bootstrap: Connect to ipv4#127.0.0.1:9093 failed: Connection refused (after 0ms in state CONNECT, 30 identical error(s) suppressed)
{"level":"error","ts":1756457700.705938,"caller":"kafka/kafka.go:179","msg":"Error reading message","time":"2025-08-29T11:55:00+03:00","error":"localhost:9093/bootstrap: Connect to ipv4#127.0.0.1:9093 failed: Connection refused (after 0ms in state CONNECT, 30 identical error(s) suppressed)","stacktrace":"github.com/tucanbit/platform/kafka.(*kafkaController).StartConsumer\n\t/home/ashenafi-alemu/Downloads/tucanbit/platform/kafka/kafka.go:179"}
%3|1756457727.708|FAIL|rdkafka#producer-1| [thrd:localhost:9093/bootstrap]: localhost:9093/bootstrap: Connect to ipv4#127.0.0.1:9093 failed: Connection refused (after 0ms in state CONNECT, 30 identical error(s) suppressed)
%3|1756457730.706|FAIL|rdkafka#consumer-2| [thrd:localhost:9093/bootstrap]: localhost:9093/bootstrap: Connect to ipv4#127.0.0.1:9093 failed: Connection refused (after 0ms in state CONNECT, 30 identical error(s) suppressed)
{"level":"error","ts":1756457730.706455,"caller":"kafka/kafka.go:179","msg":"Error reading message","time":"2025-08-29T11:55:30+03:00","error":"localhost:9093/bootstrap: Connect to ipv4#127.0.0.1:9093 failed: Connection refused (after 0ms in state CONNECT, 30 identical error(s) suppressed)","stacktrace":"github.com/tucanbit/platform/kafka.(*kafkaController).StartConsumer\n\t/home/ashenafi-alemu/Downloads/tucanbit/platform/kafka/kafka.go:179"}
2025-08-29T11:55:56.001+0300	DEBUG	agent/agent.go:226	no pending callbacks to process
%3|1756457757.710|FAIL|rdkafka#producer-1| [thrd:localhost:9093/bootstrap]: localhost:9093/bootstrap: Connect to ipv4#127.0.0.1:9093 failed: Connection refused (after 0ms in state CONNECT, 30 identical error(s) suppressed)
%3|1756457760.708|FAIL|rdkafka#consumer-2| [thrd:localhost:9093/bootstrap]: localhost:9093/bootstrap: Connect to ipv4#127.0.0.1:9093 failed: Connection refused (after 0ms in state CONNECT, 30 identical error(s) suppressed)
{"level":"error","ts":1756457760.708123,"caller":"kafka/kafka.go:179","msg":"Error reading message","time":"2025-08-29T11:56:00+03:00","error":"localhost:9093/bootstrap: Connect to ipv4#127.0.0.1:9093 failed: Connection refused (after 0ms in state CONNECT, 30 identical error(s) suppressed)","stacktrace":"github.com/tucanbit/platform/kafka.(*kafkaController).StartConsumer\n\t/home/ashenafi-alemu/Downloads/tucanbit/platform/kafka/kafka.go:179"}
%3|1756457787.711|FAIL|rdkafka#producer-1| [thrd:localhost:9093/bootstrap]: localhost:9093/bootstrap: Connect to ipv4#127.0.0.1:9093 failed: Connection refused (after 0ms in state CONNECT, 30 identical error(s) suppressed)
%3|1756457791.700|FAIL|rdkafka#consumer-2| [thrd:localhost:9093/bootstrap]: localhost:9093/bootstrap: Connect to ipv4#127.0.0.1:9093 failed: Connection refused (after 0ms in state CONNECT, 31 identical error(s) suppressed)
{"level":"error","ts":1756457791.700986,"caller":"kafka/kafka.go:179","msg":"Error reading message","time":"2025-08-29T11:56:31+03:00","error":"localhost:9093/bootstrap: Connect to ipv4#127.0.0.1:9093 failed: Connection refused (after 0ms in state CONNECT, 31 identical error(s) suppressed)","stacktrace":"github.com/tucanbit/platform/kafka.(*kafkaController).StartConsumer\n\t/home/ashenafi-alemu/Downloads/tucanbit/platform/kafka/kafka.go:179"}
2025-08-29T11:56:56.001+0300	DEBUG	agent/agent.go:226	no pending callbacks to process
%3|1756457817.712|FAIL|rdkafka#producer-1| [thrd:localhost:9093/bootstrap]: localhost:9093/bootstrap: Connect to ipv4#127.0.0.1:9093 failed: Connection refused (after 0ms in state CONNECT, 30 identical error(s) suppressed)
%3|1756457821.701|FAIL|rdkafka#consumer-2| [thrd:localhost:9093/bootstrap]: localhost:9093/bootstrap: Connect to ipv4#127.0.0.1:9093 failed: Connection refused (after 0ms in state CONNECT, 30 identical error(s) suppressed)
{"level":"error","ts":1756457821.701767,"caller":"kafka/kafka.go:179","msg":"Error reading message","time":"2025-08-29T11:57:01+03:00","error":"localhost:9093/bootstrap: Connect to ipv4#127.0.0.1:9093 failed: Connection refused (after 0ms in state CONNECT, 30 identical error(s) suppressed)","stacktrace":"github.com/tucanbit/platform/kafka.(*kafkaController).StartConsumer\n\t/home/ashenafi-alemu/Downloads/tucanbit/platform/kafka/kafka.go:179"}
%3|1756457847.714|FAIL|rdkafka#producer-1| [thrd:localhost:9093/bootstrap]: localhost:9093/bootstrap: Connect to ipv4#127.0.0.1:9093 failed: Connection refused (after 0ms in state CONNECT, 30 identical error(s) suppressed)
%3|1756457851.701|FAIL|rdkafka#consumer-2| [thrd:localhost:9093/bootstrap]: localhost:9093/bootstrap: Connect to ipv4#127.0.0.1:9093 failed: Connection refused (after 0ms in state CONNECT, 30 identical error(s) suppressed)
{"level":"error","ts":1756457851.7018363,"caller":"kafka/kafka.go:179","msg":"Error reading message","time":"2025-08-29T11:57:31+03:00","error":"localhost:9093/bootstrap: Connect to ipv4#127.0.0.1:9093 failed: Connection refused (after 0ms in state CONNECT, 30 identical error(s) suppressed)","stacktrace":"github.com/tucanbit/platform/kafka.(*kafkaController).StartConsumer\n\t/home/ashenafi-alemu/Downloads/tucanbit/platform/kafka/kafka.go:179"}
